{
"contracts/MyDutchNFT.sol":{"l":{"15":3,"16":3,"17":3},"path":"/Users/deva/Desktop/Deva/MSIS/Sem 3/Crypto/V4/dutchAuctionV4.0/contracts/MyDutchNFT.sol","s":{"1":3,"2":3,"3":3},"b":{},"f":{"1":6,"2":3},"fnMap":{"1":{"name":"constructor","line":12,"loc":{"start":{"line":12,"column":4},"end":{"line":12,"column":48}}},"2":{"name":"safeMint","line":14,"loc":{"start":{"line":14,"column":4},"end":{"line":18,"column":4}}}},"statementMap":{"1":{"start":{"line":15,"column":8},"end":{"line":15,"column":31}},"2":{"start":{"line":16,"column":8},"end":{"line":16,"column":48}},"3":{"start":{"line":17,"column":8},"end":{"line":17,"column":29}}},"branchMap":{}},
"contracts/MyERC20Token.sol":{"l":{"7":6},"path":"/Users/deva/Desktop/Deva/MSIS/Sem 3/Crypto/V4/dutchAuctionV4.0/contracts/MyERC20Token.sol","s":{"1":6},"b":{},"f":{"1":6},"fnMap":{"1":{"name":"constructor","line":6,"loc":{"start":{"line":6,"column":4},"end":{"line":8,"column":4}}}},"statementMap":{"1":{"start":{"line":7,"column":8},"end":{"line":7,"column":52}}},"branchMap":{}},
"contracts/NFTDutchAuction.sol":{"l":{"34":3,"35":3,"36":3,"37":3,"38":3,"39":3,"40":3,"43":3,"44":3,"45":3,"46":3,"50":5,"51":4,"53":3,"54":3,"56":3,"58":2,"59":2,"60":2,"62":2},"path":"/Users/deva/Desktop/Deva/MSIS/Sem 3/Crypto/V4/dutchAuctionV4.0/contracts/NFTDutchAuction.sol","s":{"1":5,"2":4,"3":3,"4":3,"5":3,"6":2,"7":2,"8":2},"b":{"1":[3,1],"2":[4,1],"3":[3,1],"4":[2,1]},"f":{"1":3,"2":5},"fnMap":{"1":{"name":"set_values","line":33,"loc":{"start":{"line":26,"column":4},"end":{"line":47,"column":4}}},"2":{"name":"placeBid","line":49,"loc":{"start":{"line":49,"column":4},"end":{"line":63,"column":4}}}},"statementMap":{"1":{"start":{"line":50,"column":8},"end":{"line":50,"column":58}},"2":{"start":{"line":51,"column":8},"end":{"line":51,"column":68}},"3":{"start":{"line":53,"column":8},"end":{"line":53,"column":59}},"4":{"start":{"line":54,"column":8},"end":{"line":54,"column":78}},"5":{"start":{"line":56,"column":8},"end":{"line":56,"column":55}},"6":{"start":{"line":58,"column":8},"end":{"line":58,"column":65}},"7":{"start":{"line":59,"column":8},"end":{"line":59,"column":64}},"8":{"start":{"line":62,"column":8},"end":{"line":62,"column":25}}},"branchMap":{"1":{"line":33,"type":"if","locations":[{"start":{"line":33,"column":13},"end":{"line":33,"column":13}},{"start":{"line":33,"column":13},"end":{"line":33,"column":13}}]},"2":{"line":50,"type":"if","locations":[{"start":{"line":50,"column":8},"end":{"line":50,"column":8}},{"start":{"line":50,"column":8},"end":{"line":50,"column":8}}]},"3":{"line":51,"type":"if","locations":[{"start":{"line":51,"column":8},"end":{"line":51,"column":8}},{"start":{"line":51,"column":8},"end":{"line":51,"column":8}}]},"4":{"line":56,"type":"if","locations":[{"start":{"line":56,"column":8},"end":{"line":56,"column":8}},{"start":{"line":56,"column":8},"end":{"line":56,"column":8}}]}}},
"contracts/NFTDutchAuctionProxy.sol":{"l":{"18":3,"29":3,"37":3,"38":3},"path":"/Users/deva/Desktop/Deva/MSIS/Sem 3/Crypto/V4/dutchAuctionV4.0/contracts/NFTDutchAuctionProxy.sol","s":{"1":3,"2":3,"3":3,"4":3},"b":{"1":[3,0],"2":[0,0]},"f":{"1":3,"2":3,"3":0},"fnMap":{"1":{"name":"constructor","line":17,"loc":{"start":{"line":17,"column":4},"end":{"line":19,"column":4}}},"2":{"name":"initialize","line":28,"loc":{"start":{"line":21,"column":4},"end":{"line":39,"column":4}}},"3":{"name":"_authorizeUpgrade","line":43,"loc":{"start":{"line":41,"column":4},"end":{"line":43,"column":35}}}},"statementMap":{"1":{"start":{"line":18,"column":8},"end":{"line":18,"column":29}},"2":{"start":{"line":29,"column":8},"end":{"line":29,"column":834}},"3":{"start":{"line":37,"column":8},"end":{"line":37,"column":23}},"4":{"start":{"line":38,"column":8},"end":{"line":38,"column":31}}},"branchMap":{"1":{"line":28,"type":"if","locations":[{"start":{"line":28,"column":13},"end":{"line":28,"column":13}},{"start":{"line":28,"column":13},"end":{"line":28,"column":13}}]},"2":{"line":43,"type":"if","locations":[{"start":{"line":43,"column":24},"end":{"line":43,"column":24}},{"start":{"line":43,"column":24},"end":{"line":43,"column":24}}]}}}}
