TN:
SF:/Users/deva/Desktop/Deva/MSIS/Sem 3/Crypto/V4/dutchAuctionV4.0/contracts/MyDutchNFT.sol
FN:12,constructor
FN:14,safeMint
FNF:2
FNH:2
FNDA:9,constructor
FNDA:4,safeMint
DA:15,4
DA:16,4
DA:17,4
LF:3
LH:3
BRF:0
BRH:0
end_of_record
TN:
SF:/Users/deva/Desktop/Deva/MSIS/Sem 3/Crypto/V4/dutchAuctionV4.0/contracts/MyERC20Token.sol
FN:6,constructor
FNF:1
FNH:1
FNDA:9,constructor
DA:7,9
LF:1
LH:1
BRF:0
BRH:0
end_of_record
TN:
SF:/Users/deva/Desktop/Deva/MSIS/Sem 3/Crypto/V4/dutchAuctionV4.0/contracts/NFTDutchAuction.sol
FN:33,set_values
FN:49,placeBid
FNF:2
FNH:2
FNDA:6,set_values
FNDA:5,placeBid
DA:34,6
DA:35,6
DA:36,6
DA:37,6
DA:38,6
DA:39,6
DA:40,6
DA:43,6
DA:44,6
DA:45,6
DA:46,6
DA:50,5
DA:51,4
DA:53,3
DA:54,3
DA:56,3
DA:58,2
DA:59,2
DA:60,2
DA:62,2
LF:20
LH:20
BRDA:33,1,0,6
BRDA:33,1,1,1
BRDA:50,2,0,4
BRDA:50,2,1,1
BRDA:51,3,0,3
BRDA:51,3,1,1
BRDA:56,4,0,2
BRDA:56,4,1,1
BRF:8
BRH:8
end_of_record
TN:
SF:/Users/deva/Desktop/Deva/MSIS/Sem 3/Crypto/V4/dutchAuctionV4.0/contracts/NFTDutchAuctionProxy.sol
FN:17,constructor
FN:28,initialize
FN:43,_authorizeUpgrade
FNF:3
FNH:2
FNDA:3,constructor
FNDA:6,initialize
FNDA:0,_authorizeUpgrade
DA:18,3
DA:29,6
DA:37,6
DA:38,6
LF:4
LH:4
BRDA:28,1,0,6
BRDA:28,1,1,0
BRDA:43,2,0,0
BRDA:43,2,1,1
BRF:4
BRH:2
end_of_record
