TN:
SF:/Users/brijesh/Desktop/SEM_2/INFO_7500/DutchAuctionV4.0/contracts/bidToken.sol
FN:7,constructor
FNF:1
FNH:1
FNDA:6,constructor
DA:8,6
LF:1
LH:1
BRF:0
BRH:0
end_of_record
TN:
SF:/Users/brijesh/Desktop/SEM_2/INFO_7500/DutchAuctionV4.0/contracts/dutchNFT.sol
FN:13,constructor
FN:15,safeMint
FNF:2
FNH:2
FNDA:6,constructor
FNDA:3,safeMint
DA:16,3
DA:17,3
DA:18,3
LF:3
LH:3
BRF:0
BRH:0
end_of_record
TN:
SF:/Users/brijesh/Desktop/SEM_2/INFO_7500/DutchAuctionV4.0/contracts/Lock.sol
FN:13,constructor
FN:23,withdraw
FNF:2
FNH:2
FNDA:4,constructor
FNDA:5,withdraw
DA:14,4
DA:19,3
DA:20,3
DA:27,5
DA:28,4
DA:30,3
DA:32,3
LF:7
LH:7
BRDA:14,1,0,3
BRDA:14,1,1,1
BRDA:27,2,0,4
BRDA:27,2,1,1
BRDA:28,3,0,3
BRDA:28,3,1,1
BRF:6
BRH:6
end_of_record
TN:
SF:/Users/brijesh/Desktop/SEM_2/INFO_7500/DutchAuctionV4.0/contracts/NFTDutchAuction_ERC20bids.sol
FN:30,isAuctionValid
FN:38,isValidBid
FN:59,set_values
FN:73,bid
FNF:4
FNH:4
FNDA:4,isAuctionValid
FNDA:3,isValidBid
FNDA:3,set_values
FNDA:2,bid
DA:31,4
DA:32,3
DA:33,3
DA:34,3
DA:35,3
DA:39,3
DA:40,3
DA:41,3
DA:42,2
DA:60,3
DA:61,3
DA:62,3
DA:63,3
DA:64,3
DA:65,3
DA:66,3
DA:67,3
DA:68,3
DA:69,3
DA:70,3
DA:74,2
DA:75,2
DA:76,2
DA:77,2
LF:24
LH:24
BRDA:31,1,0,3
BRDA:31,1,1,1
BRDA:32,2,0,3
BRDA:32,2,1,0
BRDA:33,3,0,3
BRDA:33,3,1,0
BRDA:34,4,0,3
BRDA:34,4,1,0
BRDA:41,5,0,2
BRDA:41,5,1,1
BRDA:59,6,0,3
BRDA:59,6,1,0
BRDA:73,7,0,3
BRDA:73,7,1,1
BRDA:73,8,0,2
BRDA:73,8,1,1
BRF:16
BRH:12
end_of_record
TN:
SF:/Users/brijesh/Desktop/SEM_2/INFO_7500/DutchAuctionV4.0/contracts/proxy_contract.sol
FN:10,constructor
FN:13,initialize
FN:23,_authorizeUpgrade
FNF:3
FNH:2
FNDA:3,constructor
FNDA:3,initialize
FNDA:0,_authorizeUpgrade
DA:11,3
DA:14,3
DA:15,3
DA:16,3
LF:4
LH:4
BRDA:13,1,0,3
BRDA:13,1,1,0
BRDA:23,2,0,0
BRDA:23,2,1,0
BRF:4
BRH:1
end_of_record
